<?xml version="1.0" encoding="UTF-8"?>
<!-- Generated by org.testng.reporters.JUnitReportReporter -->
<testsuite hostname="DESKTOP-HJ8S6EG" name="APITest" tests="1" failures="0" timestamp="27 Nov 2020 23:19:01 GMT" time="22.716" errors="0">
  <testcase name="GetRandomFact" time="22.716" classname="APITest"/>
</testsuite> <!-- APITest -->
